2023-04-17 02:29:00 info: tempDirectory:/Users/test/.vscode/extensions/embold-vscode.embold-0.1.4/temp
2023-04-17 02:29:00 info: Extraction complete for source: /Users/test/.vscode/extensions/embold-vscode.embold-0.1.4/resources/embold-scanner-archive.zip, destination: /Users/test/.vscode/extensions/embold-vscode.embold-0.1.4/temp
2023-04-17 02:29:00 info: Congratulations, your extension "Embold" is now active!
2023-04-17 05:00:34 info: tempDirectory:/Users/test/.vscode/extensions/embold-vscode.embold-0.1.4/temp
2023-04-17 05:00:34 info: Extraction complete for source: /Users/test/.vscode/extensions/embold-vscode.embold-0.1.4/resources/embold-scanner-archive.zip, destination: /Users/test/.vscode/extensions/embold-vscode.embold-0.1.4/temp
2023-04-17 05:00:34 info: Congratulations, your extension "Embold" is now active!
2023-04-17 19:38:14 info: tempDirectory:/Users/test/.vscode/extensions/embold-vscode.embold-0.1.4/temp
2023-04-17 19:38:14 info: Extraction complete for source: /Users/test/.vscode/extensions/embold-vscode.embold-0.1.4/resources/embold-scanner-archive.zip, destination: /Users/test/.vscode/extensions/embold-vscode.embold-0.1.4/temp
2023-04-17 19:38:14 info: Congratulations, your extension "Embold" is now active!
2023-04-17 21:34:57 info: tempDirectory:/Users/test/.vscode/extensions/embold-vscode.embold-0.1.4/temp
2023-04-17 21:34:57 info: Extraction complete for source: /Users/test/.vscode/extensions/embold-vscode.embold-0.1.4/resources/embold-scanner-archive.zip, destination: /Users/test/.vscode/extensions/embold-vscode.embold-0.1.4/temp
2023-04-17 21:34:57 info: Congratulations, your extension "Embold" is now active!
2023-04-18 00:47:27 info: tempDirectory:/Users/test/.vscode/extensions/embold-vscode.embold-0.1.4/temp
2023-04-18 00:47:27 info: Extraction complete for source: /Users/test/.vscode/extensions/embold-vscode.embold-0.1.4/resources/embold-scanner-archive.zip, destination: /Users/test/.vscode/extensions/embold-vscode.embold-0.1.4/temp
2023-04-18 00:47:27 info: Congratulations, your extension "Embold" is now active!
2023-04-18 23:36:53 info: tempDirectory:/Users/test/.vscode/extensions/embold-vscode.embold-0.1.4/temp
2023-04-18 23:36:53 info: Extraction complete for source: /Users/test/.vscode/extensions/embold-vscode.embold-0.1.4/resources/embold-scanner-archive.zip, destination: /Users/test/.vscode/extensions/embold-vscode.embold-0.1.4/temp
2023-04-18 23:36:53 info: Congratulations, your extension "Embold" is now active!
2023-04-20 16:53:11 info: tempDirectory:/Users/test/.vscode/extensions/embold-vscode.embold-0.1.4/temp
2023-04-20 16:53:11 info: Extraction complete for source: /Users/test/.vscode/extensions/embold-vscode.embold-0.1.4/resources/embold-scanner-archive.zip, destination: /Users/test/.vscode/extensions/embold-vscode.embold-0.1.4/temp
2023-04-20 16:53:11 info: Congratulations, your extension "Embold" is now active!
2023-04-20 23:47:26 info: tempDirectory:/Users/test/.vscode/extensions/embold-vscode.embold-0.1.4/temp
2023-04-20 23:47:26 info: Extraction complete for source: /Users/test/.vscode/extensions/embold-vscode.embold-0.1.4/resources/embold-scanner-archive.zip, destination: /Users/test/.vscode/extensions/embold-vscode.embold-0.1.4/temp
2023-04-20 23:47:26 info: Congratulations, your extension "Embold" is now active!
2023-04-21 14:35:21 info: tempDirectory:/Users/test/.vscode/extensions/embold-vscode.embold-0.1.4/temp
2023-04-21 14:35:21 info: Extraction complete for source: /Users/test/.vscode/extensions/embold-vscode.embold-0.1.4/resources/embold-scanner-archive.zip, destination: /Users/test/.vscode/extensions/embold-vscode.embold-0.1.4/temp
2023-04-21 14:35:21 info: Congratulations, your extension "Embold" is now active!
2023-04-24 16:01:27 info: tempDirectory:/Users/test/.vscode/extensions/embold-vscode.embold-0.1.4/temp
2023-04-24 16:01:27 info: Extraction complete for source: /Users/test/.vscode/extensions/embold-vscode.embold-0.1.4/resources/embold-scanner-archive.zip, destination: /Users/test/.vscode/extensions/embold-vscode.embold-0.1.4/temp
2023-04-24 16:01:27 info: Congratulations, your extension "Embold" is now active!
2023-04-25 02:52:19 info: tempDirectory:/Users/test/.vscode/extensions/embold-vscode.embold-0.1.4/temp
2023-04-25 02:52:19 info: Extraction complete for source: /Users/test/.vscode/extensions/embold-vscode.embold-0.1.4/resources/embold-scanner-archive.zip, destination: /Users/test/.vscode/extensions/embold-vscode.embold-0.1.4/temp
2023-04-25 02:52:19 info: Congratulations, your extension "Embold" is now active!
2023-04-26 20:38:40 info: tempDirectory:/Users/test/.vscode/extensions/embold-vscode.embold-0.1.4/temp
2023-04-26 20:38:40 info: Extraction complete for source: /Users/test/.vscode/extensions/embold-vscode.embold-0.1.4/resources/embold-scanner-archive.zip, destination: /Users/test/.vscode/extensions/embold-vscode.embold-0.1.4/temp
2023-04-26 20:38:40 info: Congratulations, your extension "Embold" is now active!
2023-04-27 16:45:07 info: tempDirectory:/Users/test/.vscode/extensions/embold-vscode.embold-0.1.4/temp
2023-04-27 16:45:07 info: Extraction complete for source: /Users/test/.vscode/extensions/embold-vscode.embold-0.1.4/resources/embold-scanner-archive.zip, destination: /Users/test/.vscode/extensions/embold-vscode.embold-0.1.4/temp
2023-04-27 16:45:07 info: Congratulations, your extension "Embold" is now active!
2023-04-27 20:16:07 info: tempDirectory:/Users/test/.vscode/extensions/embold-vscode.embold-0.1.4/temp
2023-04-27 20:16:07 info: Extraction complete for source: /Users/test/.vscode/extensions/embold-vscode.embold-0.1.4/resources/embold-scanner-archive.zip, destination: /Users/test/.vscode/extensions/embold-vscode.embold-0.1.4/temp
2023-04-27 20:16:07 info: Congratulations, your extension "Embold" is now active!
2023-04-27 20:19:23 info: file:///Users/test/Downloads/Projects/REACT%20project/TodoApp/.git/config.lock
2023-04-27 20:19:23 error: SQLITE_ERROR: no such table: issues
2023-04-27 20:23:19 info: file:///Users/test/Downloads/Projects/REACT%20project/TodoApp/.git/index.lock
2023-04-27 20:23:19 error: SQLITE_ERROR: no such table: issues
2023-04-27 20:23:55 info: file:///Users/test/Downloads/Projects/REACT%20project/TodoApp/.git/index.lock
2023-04-27 20:23:55 error: SQLITE_ERROR: no such table: issues
2023-04-27 20:25:29 info: file:///Users/test/Downloads/Projects/REACT%20project/TodoApp/.git/index.lock
2023-04-27 20:25:29 info: file:///Users/test/Downloads/Projects/REACT%20project/TodoApp/.git/refs/heads/main.lock
2023-04-27 20:25:29 error: SQLITE_ERROR: no such table: issues
2023-04-27 20:25:29 error: SQLITE_ERROR: no such table: issues
2023-04-27 20:26:32 info: file:///Users/test/Downloads/Projects/REACT%20project/TodoApp/.git/config.lock
2023-04-27 20:26:32 error: SQLITE_ERROR: no such table: issues
2023-04-27 20:28:25 info: file:///Users/test/Downloads/Projects/REACT%20project/TodoApp/.git/config.lock
2023-04-27 20:28:25 info: file:///Users/test/Downloads/Projects/REACT%20project/TodoApp/.git/refs/remotes/origin/main.lock
2023-04-27 20:28:25 error: SQLITE_ERROR: no such table: issues
2023-04-27 20:28:25 error: SQLITE_ERROR: no such table: issues
2023-04-27 20:30:25 info: file:///Users/test/Downloads/Projects/REACT%20project/TodoApp/.git/index.lock
2023-04-27 20:30:25 error: SQLITE_ERROR: no such table: issues
2023-04-27 20:30:46 info: file:///Users/test/Downloads/Projects/REACT%20project/TodoApp/.git/index.lock
2023-04-27 20:30:46 error: SQLITE_ERROR: no such table: issues
2023-04-27 20:31:02 info: file:///Users/test/Downloads/Projects/REACT%20project/TodoApp/.git/HEAD.lock
2023-04-27 20:31:02 info: file:///Users/test/Downloads/Projects/REACT%20project/TodoApp/.git/index.lock
2023-04-27 20:31:02 info: file:///Users/test/Downloads/Projects/REACT%20project/TodoApp/.git/refs/heads/main.lock
2023-04-27 20:31:02 error: SQLITE_ERROR: no such table: issues
2023-04-27 20:31:02 error: SQLITE_ERROR: no such table: issues
2023-04-27 20:31:02 error: SQLITE_ERROR: no such table: issues
2023-04-27 20:31:08 info: file:///Users/test/Downloads/Projects/REACT%20project/TodoApp/.git/refs/remotes/origin/main.lock
2023-04-27 20:31:08 error: SQLITE_ERROR: no such table: issues
